{"C:\\Users\\campo\\Documents\\FullStacck\\React\\rest_api_ts_server\\src\\routes.ts": {"path":"C:\\Users\\campo\\Documents\\FullStacck\\React\\rest_api_ts_server\\src\\routes.ts","statementMap":{"0":{"start":{"line":1,"column":0},"end":{"line":1,"column":33}},"1":{"start":{"line":2,"column":0},"end":{"line":2,"column":null}},"2":{"start":{"line":10,"column":0},"end":{"line":10,"column":48}},"3":{"start":{"line":11,"column":0},"end":{"line":11,"column":49}},"4":{"start":{"line":12,"column":15},"end":{"line":12,"column":23}},"5":{"start":{"line":14,"column":0},"end":{"line":14,"column":29}},"6":{"start":{"line":15,"column":0},"end":{"line":20,"column":2}},"7":{"start":{"line":22,"column":0},"end":{"line":37,"column":2}},"8":{"start":{"line":33,"column":23},"end":{"line":33,"column":32}},"9":{"start":{"line":39,"column":0},"end":{"line":57,"column":2}},"10":{"start":{"line":50,"column":23},"end":{"line":50,"column":32}},"11":{"start":{"line":59,"column":0},"end":{"line":64,"column":2}},"12":{"start":{"line":66,"column":0},"end":{"line":69,"column":17}},"13":{"start":{"line":71,"column":0},"end":{"line":71,"column":22}}},"fnMap":{"0":{"name":"(anonymous_0)","decl":{"start":{"line":33,"column":12},"end":{"line":33,"column":13}},"loc":{"start":{"line":33,"column":23},"end":{"line":33,"column":32}}},"1":{"name":"(anonymous_1)","decl":{"start":{"line":50,"column":12},"end":{"line":50,"column":13}},"loc":{"start":{"line":50,"column":23},"end":{"line":50,"column":32}}}},"branchMap":{},"s":{"0":2,"1":2,"2":2,"3":2,"4":2,"5":2,"6":2,"7":2,"8":4,"9":2,"10":5,"11":2,"12":2,"13":2},"f":{"0":4,"1":5},"b":{}}
,"C:\\Users\\campo\\Documents\\FullStacck\\React\\rest_api_ts_server\\src\\server.ts": {"path":"C:\\Users\\campo\\Documents\\FullStacck\\React\\rest_api_ts_server\\src\\server.ts","statementMap":{"0":{"start":{"line":9,"column":1},"end":{"line":9,"column":8}},"1":{"start":{"line":1,"column":0},"end":{"line":1,"column":30}},"2":{"start":{"line":2,"column":0},"end":{"line":2,"column":30}},"3":{"start":{"line":3,"column":0},"end":{"line":3,"column":29}},"4":{"start":{"line":4,"column":0},"end":{"line":4,"column":27}},"5":{"start":{"line":7,"column":15},"end":{"line":7,"column":24}},"6":{"start":{"line":10,"column":4},"end":{"line":17,"column":5}},"7":{"start":{"line":11,"column":8},"end":{"line":11,"column":null}},"8":{"start":{"line":12,"column":8},"end":{"line":12,"column":null}},"9":{"start":{"line":16,"column":8},"end":{"line":16,"column":null}},"10":{"start":{"line":21,"column":0},"end":{"line":21,"column":null}},"11":{"start":{"line":23,"column":0},"end":{"line":23,"column":null}},"12":{"start":{"line":25,"column":0},"end":{"line":25,"column":36}},"13":{"start":{"line":28,"column":0},"end":{"line":30,"column":null}},"14":{"start":{"line":29,"column":4},"end":{"line":29,"column":null}},"15":{"start":{"line":32,"column":0},"end":{"line":32,"column":null}}},"fnMap":{"0":{"name":"connectDB","decl":{"start":{"line":9,"column":23},"end":{"line":9,"column":32}},"loc":{"start":{"line":9,"column":32},"end":{"line":19,"column":2}}},"1":{"name":"(anonymous_2)","decl":{"start":{"line":28,"column":19},"end":{"line":28,"column":20}},"loc":{"start":{"line":28,"column":32},"end":{"line":30,"column":1}}}},"branchMap":{},"s":{"0":2,"1":2,"2":2,"3":2,"4":2,"5":2,"6":3,"7":3,"8":1,"9":1,"10":2,"11":2,"12":2,"13":2,"14":1,"15":2},"f":{"0":3,"1":1},"b":{}}
,"C:\\Users\\campo\\Documents\\FullStacck\\React\\rest_api_ts_server\\src\\config\\db.ts": {"path":"C:\\Users\\campo\\Documents\\FullStacck\\React\\rest_api_ts_server\\src\\config\\db.ts","statementMap":{"0":{"start":{"line":1,"column":0},"end":{"line":1,"column":48}},"1":{"start":{"line":2,"column":0},"end":{"line":2,"column":27}},"2":{"start":{"line":3,"column":0},"end":{"line":3,"column":null}},"3":{"start":{"line":6,"column":11},"end":{"line":10,"column":2}},"4":{"start":{"line":12,"column":0},"end":{"line":12,"column":null}}},"fnMap":{},"branchMap":{},"s":{"0":2,"1":2,"2":2,"3":2,"4":2},"f":{},"b":{}}
,"C:\\Users\\campo\\Documents\\FullStacck\\React\\rest_api_ts_server\\src\\handlers\\product.ts": {"path":"C:\\Users\\campo\\Documents\\FullStacck\\React\\rest_api_ts_server\\src\\handlers\\product.ts","statementMap":{"0":{"start":{"line":2,"column":0},"end":{"line":2,"column":46}},"1":{"start":{"line":4,"column":31},"end":{"line":18,"column":1}},"2":{"start":{"line":5,"column":2},"end":{"line":17,"column":3}},"3":{"start":{"line":6,"column":19},"end":{"line":6,"column":29}},"4":{"start":{"line":7,"column":20},"end":{"line":7,"column":46}},"5":{"start":{"line":9,"column":4},"end":{"line":13,"column":5}},"6":{"start":{"line":10,"column":6},"end":{"line":12,"column":9}},"7":{"start":{"line":14,"column":4},"end":{"line":14,"column":22}},"8":{"start":{"line":4,"column":13},"end":{"line":4,"column":31}},"9":{"start":{"line":20,"column":27},"end":{"line":30,"column":1}},"10":{"start":{"line":21,"column":2},"end":{"line":29,"column":3}},"11":{"start":{"line":22,"column":21},"end":{"line":25,"column":6}},"12":{"start":{"line":26,"column":4},"end":{"line":26,"column":33}},"13":{"start":{"line":20,"column":13},"end":{"line":20,"column":27}},"14":{"start":{"line":32,"column":29},"end":{"line":53,"column":1}},"15":{"start":{"line":43,"column":2},"end":{"line":48,"column":3}},"16":{"start":{"line":44,"column":20},"end":{"line":44,"column":50}},"17":{"start":{"line":45,"column":4},"end":{"line":45,"column":44}},"18":{"start":{"line":32,"column":13},"end":{"line":32,"column":29}},"19":{"start":{"line":55,"column":29},"end":{"line":70,"column":1}},"20":{"start":{"line":56,"column":2},"end":{"line":69,"column":20}},"21":{"start":{"line":57,"column":19},"end":{"line":57,"column":29}},"22":{"start":{"line":58,"column":20},"end":{"line":58,"column":46}},"23":{"start":{"line":59,"column":4},"end":{"line":64,"column":5}},"24":{"start":{"line":60,"column":6},"end":{"line":62,"column":9}},"25":{"start":{"line":63,"column":6},"end":{"line":63,"column":13}},"26":{"start":{"line":66,"column":4},"end":{"line":66,"column":35}},"27":{"start":{"line":67,"column":4},"end":{"line":67,"column":25}},"28":{"start":{"line":68,"column":4},"end":{"line":68,"column":32}},"29":{"start":{"line":55,"column":13},"end":{"line":55,"column":29}},"30":{"start":{"line":72,"column":34},"end":{"line":89,"column":1}},"31":{"start":{"line":73,"column":2},"end":{"line":88,"column":20}},"32":{"start":{"line":74,"column":19},"end":{"line":74,"column":29}},"33":{"start":{"line":75,"column":20},"end":{"line":75,"column":66}},"34":{"start":{"line":77,"column":4},"end":{"line":81,"column":5}},"35":{"start":{"line":78,"column":6},"end":{"line":80,"column":9}},"36":{"start":{"line":84,"column":4},"end":{"line":84,"column":60}},"37":{"start":{"line":85,"column":4},"end":{"line":85,"column":25}},"38":{"start":{"line":87,"column":4},"end":{"line":87,"column":32}},"39":{"start":{"line":72,"column":13},"end":{"line":72,"column":34}},"40":{"start":{"line":91,"column":29},"end":{"line":110,"column":1}},"41":{"start":{"line":92,"column":2},"end":{"line":109,"column":3}},"42":{"start":{"line":93,"column":19},"end":{"line":93,"column":29}},"43":{"start":{"line":94,"column":20},"end":{"line":94,"column":46}},"44":{"start":{"line":96,"column":4},"end":{"line":100,"column":5}},"45":{"start":{"line":97,"column":6},"end":{"line":99,"column":9}},"46":{"start":{"line":102,"column":4},"end":{"line":102,"column":28}},"47":{"start":{"line":103,"column":4},"end":{"line":103,"column":38}},"48":{"start":{"line":104,"column":4},"end":{"line":106,"column":7}},"49":{"start":{"line":91,"column":13},"end":{"line":91,"column":29}}},"fnMap":{"0":{"name":"(anonymous_1)","decl":{"start":{"line":4,"column":31},"end":{"line":4,"column":36}},"loc":{"start":{"line":4,"column":69},"end":{"line":18,"column":1}}},"1":{"name":"(anonymous_2)","decl":{"start":{"line":20,"column":27},"end":{"line":20,"column":32}},"loc":{"start":{"line":20,"column":65},"end":{"line":30,"column":1}}},"2":{"name":"(anonymous_3)","decl":{"start":{"line":32,"column":29},"end":{"line":32,"column":34}},"loc":{"start":{"line":32,"column":67},"end":{"line":53,"column":1}}},"3":{"name":"(anonymous_4)","decl":{"start":{"line":55,"column":29},"end":{"line":55,"column":34}},"loc":{"start":{"line":55,"column":67},"end":{"line":70,"column":1}}},"4":{"name":"(anonymous_5)","decl":{"start":{"line":72,"column":34},"end":{"line":72,"column":39}},"loc":{"start":{"line":72,"column":72},"end":{"line":89,"column":1}}},"5":{"name":"(anonymous_6)","decl":{"start":{"line":91,"column":29},"end":{"line":91,"column":34}},"loc":{"start":{"line":91,"column":67},"end":{"line":110,"column":1}}}},"branchMap":{"0":{"loc":{"start":{"line":9,"column":4},"end":{"line":13,"column":5}},"type":"if","locations":[{"start":{"line":9,"column":4},"end":{"line":13,"column":5}}]},"1":{"loc":{"start":{"line":59,"column":4},"end":{"line":64,"column":5}},"type":"if","locations":[{"start":{"line":59,"column":4},"end":{"line":64,"column":5}}]},"2":{"loc":{"start":{"line":77,"column":4},"end":{"line":81,"column":5}},"type":"if","locations":[{"start":{"line":77,"column":4},"end":{"line":81,"column":5}}]},"3":{"loc":{"start":{"line":96,"column":4},"end":{"line":100,"column":5}},"type":"if","locations":[{"start":{"line":96,"column":4},"end":{"line":100,"column":5}}]}},"s":{"0":2,"1":2,"2":3,"3":3,"4":3,"5":2,"6":1,"7":2,"8":2,"9":2,"10":2,"11":2,"12":2,"13":2,"14":2,"15":4,"16":4,"17":4,"18":2,"19":2,"20":5,"21":5,"22":5,"23":4,"24":1,"25":1,"26":3,"27":3,"28":3,"29":2,"30":2,"31":2,"32":2,"33":2,"34":2,"35":1,"36":2,"37":1,"38":1,"39":2,"40":2,"41":3,"42":3,"43":3,"44":2,"45":1,"46":2,"47":1,"48":1,"49":2},"f":{"0":3,"1":2,"2":4,"3":5,"4":2,"5":3},"b":{"0":[1],"1":[1],"2":[1],"3":[1]}}
,"C:\\Users\\campo\\Documents\\FullStacck\\React\\rest_api_ts_server\\src\\middleware\\index.ts": {"path":"C:\\Users\\campo\\Documents\\FullStacck\\React\\rest_api_ts_server\\src\\middleware\\index.ts","statementMap":{"0":{"start":{"line":2,"column":0},"end":{"line":2,"column":52}},"1":{"start":{"line":5,"column":33},"end":{"line":11,"column":1}},"2":{"start":{"line":6,"column":18},"end":{"line":6,"column":39}},"3":{"start":{"line":7,"column":4},"end":{"line":9,"column":5}},"4":{"start":{"line":8,"column":4},"end":{"line":8,"column":null}},"5":{"start":{"line":10,"column":4},"end":{"line":10,"column":null}},"6":{"start":{"line":5,"column":13},"end":{"line":5,"column":33}}},"fnMap":{"0":{"name":"(anonymous_0)","decl":{"start":{"line":5,"column":33},"end":{"line":5,"column":34}},"loc":{"start":{"line":5,"column":88},"end":{"line":11,"column":1}}}},"branchMap":{"0":{"loc":{"start":{"line":7,"column":4},"end":{"line":9,"column":5}},"type":"if","locations":[{"start":{"line":7,"column":4},"end":{"line":9,"column":5}}]}},"s":{"0":2,"1":2,"2":17,"3":17,"4":8,"5":17,"6":2},"f":{"0":17},"b":{"0":[8]}}
,"C:\\Users\\campo\\Documents\\FullStacck\\React\\rest_api_ts_server\\src\\models\\Product.model.ts": {"path":"C:\\Users\\campo\\Documents\\FullStacck\\React\\rest_api_ts_server\\src\\models\\Product.model.ts","statementMap":{"0":{"start":{"line":2,"column":0},"end":{"line":2,"column":76}},"1":{"start":{"line":8,"column":0},"end":{"line":23,"column":null}},"2":{"start":{"line":12,"column":12},"end":{"line":12,"column":null}},"3":{"start":{"line":16,"column":12},"end":{"line":16,"column":null}},"4":{"start":{"line":22,"column":12},"end":{"line":22,"column":null}},"5":{"start":{"line":8,"column":6},"end":{"line":23,"column":null}},"6":{"start":{"line":25,"column":0},"end":{"line":25,"column":null}}},"fnMap":{},"branchMap":{},"s":{"0":2,"1":2,"2":2,"3":2,"4":2,"5":2,"6":2},"f":{},"b":{}}
}
