TN:
SF:src\routes.ts
FN:33,(anonymous_0)
FN:50,(anonymous_1)
FNF:2
FNH:2
FNDA:4,(anonymous_0)
FNDA:5,(anonymous_1)
DA:1,2
DA:2,2
DA:10,2
DA:11,2
DA:12,2
DA:14,2
DA:15,2
DA:22,2
DA:33,4
DA:39,2
DA:50,5
DA:59,2
DA:66,2
DA:71,2
LF:14
LH:14
BRF:0
BRH:0
end_of_record
TN:
SF:src\server.ts
FN:9,connectDB
FN:28,(anonymous_2)
FNF:2
FNH:2
FNDA:3,connectDB
FNDA:1,(anonymous_2)
DA:1,2
DA:2,2
DA:3,2
DA:4,2
DA:7,2
DA:9,2
DA:10,3
DA:11,3
DA:12,1
DA:16,1
DA:21,2
DA:23,2
DA:25,2
DA:28,2
DA:29,1
DA:32,2
LF:16
LH:16
BRF:0
BRH:0
end_of_record
TN:
SF:src\config\db.ts
FNF:0
FNH:0
DA:1,2
DA:2,2
DA:3,2
DA:6,2
DA:12,2
LF:5
LH:5
BRF:0
BRH:0
end_of_record
TN:
SF:src\handlers\product.ts
FN:4,(anonymous_1)
FN:20,(anonymous_2)
FN:32,(anonymous_3)
FN:55,(anonymous_4)
FN:72,(anonymous_5)
FN:91,(anonymous_6)
FNF:6
FNH:6
FNDA:3,(anonymous_1)
FNDA:2,(anonymous_2)
FNDA:4,(anonymous_3)
FNDA:5,(anonymous_4)
FNDA:2,(anonymous_5)
FNDA:3,(anonymous_6)
DA:2,2
DA:4,2
DA:5,3
DA:6,3
DA:7,3
DA:9,2
DA:10,1
DA:14,2
DA:20,2
DA:21,2
DA:22,2
DA:26,2
DA:32,2
DA:43,4
DA:44,4
DA:45,4
DA:55,2
DA:56,5
DA:57,5
DA:58,5
DA:59,4
DA:60,1
DA:63,1
DA:66,3
DA:67,3
DA:68,3
DA:72,2
DA:73,2
DA:74,2
DA:75,2
DA:77,2
DA:78,1
DA:84,2
DA:85,1
DA:87,1
DA:91,2
DA:92,3
DA:93,3
DA:94,3
DA:96,2
DA:97,1
DA:102,2
DA:103,1
DA:104,1
LF:44
LH:44
BRDA:9,0,0,1
BRDA:59,1,0,1
BRDA:77,2,0,1
BRDA:96,3,0,1
BRF:4
BRH:4
end_of_record
TN:
SF:src\middleware\index.ts
FN:5,(anonymous_0)
FNF:1
FNH:1
FNDA:17,(anonymous_0)
DA:2,2
DA:5,2
DA:6,17
DA:7,17
DA:8,8
DA:10,17
LF:6
LH:6
BRDA:7,0,0,8
BRF:1
BRH:1
end_of_record
TN:
SF:src\models\Product.model.ts
FNF:0
FNH:0
DA:2,2
DA:8,2
DA:12,2
DA:16,2
DA:22,2
DA:25,2
LF:6
LH:6
BRF:0
BRH:0
end_of_record
